<?xml version="1.0" encoding="UTF-8"?>
<!-- Generated by org.testng.reporters.JUnitReportReporter -->
<testsuite hostname="MININT-MJ4QE7Q" name="GuildTest" tests="1" failures="0" timestamp="6 Jan 2017 09:33:52 GMT" time="16.536" errors="0">
  <testcase name="swipeGuild" time="16.536" classname="GuildTest"/>
</testsuite> <!-- GuildTest -->
