<?xml version="1.0" encoding="UTF-8"?>
<!-- Generated by org.testng.reporters.JUnitReportReporter -->
<testsuite hostname="MININT-MJ4QE7Q" name="ExcuteTesting" tests="1" failures="0" timestamp="12 Sep 2017 10:27:42 GMT" time="54.395" errors="0">
  <testcase name="login" time="54.395" classname="ExcuteTesting"/>
</testsuite> <!-- ExcuteTesting -->
