<?xml version="1.0" encoding="UTF-8"?>
<!-- Generated by org.testng.reporters.JUnitReportReporter -->
<testsuite hostname="MININT-MJ4QE7Q" name="BindCardTestFail" tests="1" failures="0" timestamp="24 Feb 2017 04:30:11 GMT" time="31.416" errors="0">
  <testcase name="InputCardFail" time="31.416" classname="BindCardTestFail"/>
</testsuite> <!-- BindCardTestFail -->
