<?xml version="1.0" encoding="UTF-8"?>
<!-- Generated by org.testng.reporters.JUnitReportReporter -->
<testsuite hostname="MININT-MJ4QE7Q" name="LoginTest1" tests="1" failures="0" timestamp="5 May 2017 06:20:41 GMT" time="68.621" errors="0">
  <testcase name="login" time="68.621" classname="LoginTest1"/>
</testsuite> <!-- LoginTest1 -->
