<?xml version="1.0" encoding="UTF-8"?>
<!-- Generated by org.testng.reporters.JUnitReportReporter -->
<testsuite hostname="MININT-MJ4QE7Q" name="DoTest" tests="1" failures="0" timestamp="22 Aug 2017 11:03:34 GMT" time="35.211" errors="0">
  <testcase name="login" time="35.211" classname="DoTest"/>
</testsuite> <!-- DoTest -->
