<?xml version="1.0" encoding="UTF-8"?>
<!-- Generated by org.testng.reporters.JUnitReportReporter -->
<testsuite hostname="MININT-MJ4QE7Q" name="BindCardTest" tests="1" failures="0" timestamp="24 Jan 2017 06:02:22 GMT" time="17.962" errors="0">
  <testcase name="InputCardFail" time="17.962" classname="BindCardTest"/>
</testsuite> <!-- BindCardTest -->
